Determining if the pthread_create exist failed with the following output:
Change Dir: /home/tidu/catkin_ws/build/pkg_ros_actions/CMakeFiles/CMakeTmp

Run Build Command:"/usr/bin/make" "cmTC_da73a/fast"
/usr/bin/make -f CMakeFiles/cmTC_da73a.dir/build.make CMakeFiles/cmTC_da73a.dir/build
make[1]: Entering directory '/home/tidu/catkin_ws/build/pkg_ros_actions/CMakeFiles/CMakeTmp'
Building C object CMakeFiles/cmTC_da73a.dir/CheckSymbolExists.c.o
/usr/bin/cc    -o CMakeFiles/cmTC_da73a.dir/CheckSymbolExists.c.o   -c /home/tidu/catkin_ws/build/pkg_ros_actions/CMakeFiles/CMakeTmp/CheckSymbolExists.c
Linking C executable cmTC_da73a
/usr/bin/cmake -E cmake_link_script CMakeFiles/cmTC_da73a.dir/link.txt --verbose=1
/usr/bin/cc      -rdynamic CMakeFiles/cmTC_da73a.dir/CheckSymbolExists.c.o  -o cmTC_da73a 
CMakeFiles/cmTC_da73a.dir/CheckSymbolExists.c.o: In function `main':
CheckSymbolExists.c:(.text+0x1b): undefined reference to `pthread_create'
collect2: error: ld returned 1 exit status
CMakeFiles/cmTC_da73a.dir/build.make:97: recipe for target 'cmTC_da73a' failed
make[1]: *** [cmTC_da73a] Error 1
make[1]: Leaving directory '/home/tidu/catkin_ws/build/pkg_ros_actions/CMakeFiles/CMakeTmp'
Makefile:126: recipe for target 'cmTC_da73a/fast' failed
make: *** [cmTC_da73a/fast] Error 2

File /home/tidu/catkin_ws/build/pkg_ros_actions/CMakeFiles/CMakeTmp/CheckSymbolExists.c:
/* */
#include <pthread.h>

int main(int argc, char** argv)
{
  (void)argv;
#ifndef pthread_create
  return ((int*)(&pthread_create))[argc];
#else
  (void)argc;
  return 0;
#endif
}

Determining if the function pthread_create exists in the pthreads failed with the following output:
Change Dir: /home/tidu/catkin_ws/build/pkg_ros_actions/CMakeFiles/CMakeTmp

Run Build Command:"/usr/bin/make" "cmTC_4d60a/fast"
/usr/bin/make -f CMakeFiles/cmTC_4d60a.dir/build.make CMakeFiles/cmTC_4d60a.dir/build
make[1]: Entering directory '/home/tidu/catkin_ws/build/pkg_ros_actions/CMakeFiles/CMakeTmp'
Building C object CMakeFiles/cmTC_4d60a.dir/CheckFunctionExists.c.o
/usr/bin/cc   -DCHECK_FUNCTION_EXISTS=pthread_create   -o CMakeFiles/cmTC_4d60a.dir/CheckFunctionExists.c.o   -c /usr/share/cmake-3.10/Modules/CheckFunctionExists.c
Linking C executable cmTC_4d60a
/usr/bin/cmake -E cmake_link_script CMakeFiles/cmTC_4d60a.dir/link.txt --verbose=1
/usr/bin/cc  -DCHECK_FUNCTION_EXISTS=pthread_create    -rdynamic CMakeFiles/cmTC_4d60a.dir/CheckFunctionExists.c.o  -o cmTC_4d60a -lpthreads 
/usr/bin/ld: cannot find -lpthreads
collect2: error: ld returned 1 exit status
CMakeFiles/cmTC_4d60a.dir/build.make:97: recipe for target 'cmTC_4d60a' failed
make[1]: *** [cmTC_4d60a] Error 1
make[1]: Leaving directory '/home/tidu/catkin_ws/build/pkg_ros_actions/CMakeFiles/CMakeTmp'
Makefile:126: recipe for target 'cmTC_4d60a/fast' failed
make: *** [cmTC_4d60a/fast] Error 2


