[36m--[0m Using CATKIN_DEVEL_PREFIX: /home/tidu/catkin_ws/devel/.private/pkg_iot_ros_bridge
[36m--[0m Using CMAKE_PREFIX_PATH: /home/tidu/catkin_ws/devel;/opt/ros/melodic
[36m--[0m This workspace overlays: /home/tidu/catkin_ws/devel;/opt/ros/melodic
[36m--[0m Found PythonInterp: /usr/bin/python2 (found suitable version "2.7.17", minimum required is "2")
[36m--[0m Using PYTHON_EXECUTABLE: /usr/bin/python2
[36m--[0m Using Debian Python package layout
[36m--[0m Using empy: /usr/bin/empy
[36m--[0m Using CATKIN_ENABLE_TESTING: ON
[36m--[0m Call enable_testing()
[36m--[0m Using CATKIN_TEST_RESULTS_DIR: /home/tidu/catkin_ws/build/pkg_iot_ros_bridge/test_results
[36m--[0m Found gtest sources under '/usr/src/googletest': gtests will be built
[36m--[0m Found gmock sources under '/usr/src/googletest': gmock will be built
[36m--[0m Found PythonInterp: /usr/bin/python2 (found version "2.7.17")
[36m--[0m Using Python nosetests: /usr/bin/nosetests-2.7
[36m--[0m catkin 0.7.28
[36m--[0m BUILD_SHARED_LIBS is on
[36m--[0m Using these message generators: gencpp;geneus;genlisp;gennodejs;genpy
[36m--[0m Generating .msg files for action pkg_ros_actions/msgIotRos /home/tidu/catkin_ws/src/pkg_iot_ros_bridge/action/msgIotRos.action
Generating for action msgIotRos
[36m--[0m pkg_ros_actions: 7 messages, 0 services
[31m[1mCMake Error[0m at /opt/ros/melodic/share/catkin/cmake/catkin_package_xml.cmake:54 (message):
  catkin_package_xml() package name 'pkg_iot_ros_bridge' in
  '/home/tidu/catkin_ws/src/pkg_iot_ros_bridge/package.xml' does not match
  current PROJECT_NAME 'pkg_ros_actions'.  You must call project() with the
  same package name before.
[36mCall Stack (most recent call first):[0m
  /opt/ros/melodic/share/catkin/cmake/catkin_package.cmake:99 (catkin_package_xml)
  CMakeLists.txt:26 (catkin_package)


[36m--[0m Configuring incomplete, errors occurred!
See also "/home/tidu/catkin_ws/build/pkg_iot_ros_bridge/CMakeFiles/CMakeOutput.log".
See also "/home/tidu/catkin_ws/build/pkg_iot_ros_bridge/CMakeFiles/CMakeError.log".
Makefile:614: recipe for target 'cmake_check_build_system' failed
make: *** [cmake_check_build_system] Error 1
