Symlinking /home/tidu/catkin_ws/devel/share/common-lisp/ros/pkg_iot_ros_bridge/msg/msgIotRosFeedback.lisp
Symlinking /home/tidu/catkin_ws/devel/share/common-lisp/ros/pkg_iot_ros_bridge/msg/_package_msgIotRosActionFeedback.lisp
Symlinking /home/tidu/catkin_ws/devel/share/common-lisp/ros/pkg_iot_ros_bridge/msg/_package_msgIotRosActionResult.lisp
Symlinking /home/tidu/catkin_ws/devel/share/common-lisp/ros/pkg_iot_ros_bridge/msg/msgIotRosActionGoal.lisp
Symlinking /home/tidu/catkin_ws/devel/share/common-lisp/ros/pkg_iot_ros_bridge/msg/msgIotRosResult.lisp
Symlinking /home/tidu/catkin_ws/devel/share/common-lisp/ros/pkg_iot_ros_bridge/msg/msgIotRosActionResult.lisp
Symlinking /home/tidu/catkin_ws/devel/share/common-lisp/ros/pkg_iot_ros_bridge/msg/msgIotRosGoal.lisp
Symlinking /home/tidu/catkin_ws/devel/share/common-lisp/ros/pkg_iot_ros_bridge/msg/msgMqttSub.lisp
Symlinking /home/tidu/catkin_ws/devel/share/common-lisp/ros/pkg_iot_ros_bridge/msg/_package_msgIotRosFeedback.lisp
Symlinking /home/tidu/catkin_ws/devel/share/common-lisp/ros/pkg_iot_ros_bridge/msg/_package_msgIotRosGoal.lisp
Symlinking /home/tidu/catkin_ws/devel/share/common-lisp/ros/pkg_iot_ros_bridge/msg/_package_msgIotRosActionGoal.lisp
Symlinking /home/tidu/catkin_ws/devel/share/common-lisp/ros/pkg_iot_ros_bridge/msg/msgIotRosAction.lisp
Symlinking /home/tidu/catkin_ws/devel/share/common-lisp/ros/pkg_iot_ros_bridge/msg/_package_msgIotRosResult.lisp
Symlinking /home/tidu/catkin_ws/devel/share/common-lisp/ros/pkg_iot_ros_bridge/msg/msgIotRosActionFeedback.lisp
Symlinking /home/tidu/catkin_ws/devel/share/common-lisp/ros/pkg_iot_ros_bridge/msg/_package.lisp
Symlinking /home/tidu/catkin_ws/devel/share/common-lisp/ros/pkg_iot_ros_bridge/msg/pkg_iot_ros_bridge-msg.asd
Symlinking /home/tidu/catkin_ws/devel/share/common-lisp/ros/pkg_iot_ros_bridge/msg/_package_msgMqttSub.lisp
Symlinking /home/tidu/catkin_ws/devel/share/common-lisp/ros/pkg_iot_ros_bridge/msg/_package_msgIotRosAction.lisp
Symlinking /home/tidu/catkin_ws/devel/share/pkg_iot_ros_bridge/cmake/pkg_iot_ros_bridge-msg-paths.cmake
Symlinking /home/tidu/catkin_ws/devel/share/pkg_iot_ros_bridge/cmake/pkg_iot_ros_bridge-msg-extras.cmake
Symlinking /home/tidu/catkin_ws/devel/share/pkg_iot_ros_bridge/cmake/pkg_iot_ros_bridgeConfig.cmake
Symlinking /home/tidu/catkin_ws/devel/share/pkg_iot_ros_bridge/cmake/pkg_iot_ros_bridgeConfig-version.cmake
Symlinking /home/tidu/catkin_ws/devel/share/pkg_iot_ros_bridge/msg/msgIotRosGoal.msg
Symlinking /home/tidu/catkin_ws/devel/share/pkg_iot_ros_bridge/msg/msgIotRosResult.msg
Symlinking /home/tidu/catkin_ws/devel/share/pkg_iot_ros_bridge/msg/msgIotRosFeedback.msg
Symlinking /home/tidu/catkin_ws/devel/share/pkg_iot_ros_bridge/msg/msgIotRosActionFeedback.msg
Symlinking /home/tidu/catkin_ws/devel/share/pkg_iot_ros_bridge/msg/msgIotRosAction.msg
Symlinking /home/tidu/catkin_ws/devel/share/pkg_iot_ros_bridge/msg/msgIotRosActionGoal.msg
Symlinking /home/tidu/catkin_ws/devel/share/pkg_iot_ros_bridge/msg/msgIotRosActionResult.msg
Symlinking /home/tidu/catkin_ws/devel/share/gennodejs/ros/pkg_iot_ros_bridge/_index.js
Symlinking /home/tidu/catkin_ws/devel/share/gennodejs/ros/pkg_iot_ros_bridge/msg/msgMqttSub.js
Symlinking /home/tidu/catkin_ws/devel/share/gennodejs/ros/pkg_iot_ros_bridge/msg/_index.js
Symlinking /home/tidu/catkin_ws/devel/share/gennodejs/ros/pkg_iot_ros_bridge/msg/msgIotRosGoal.js
Symlinking /home/tidu/catkin_ws/devel/share/gennodejs/ros/pkg_iot_ros_bridge/msg/msgIotRosResult.js
Symlinking /home/tidu/catkin_ws/devel/share/gennodejs/ros/pkg_iot_ros_bridge/msg/msgIotRosActionResult.js
Symlinking /home/tidu/catkin_ws/devel/share/gennodejs/ros/pkg_iot_ros_bridge/msg/msgIotRosAction.js
Symlinking /home/tidu/catkin_ws/devel/share/gennodejs/ros/pkg_iot_ros_bridge/msg/msgIotRosActionFeedback.js
Symlinking /home/tidu/catkin_ws/devel/share/gennodejs/ros/pkg_iot_ros_bridge/msg/msgIotRosActionGoal.js
Symlinking /home/tidu/catkin_ws/devel/share/gennodejs/ros/pkg_iot_ros_bridge/msg/msgIotRosFeedback.js
Symlinking /home/tidu/catkin_ws/devel/share/roseus/ros/pkg_iot_ros_bridge/manifest.l
Symlinking /home/tidu/catkin_ws/devel/share/roseus/ros/pkg_iot_ros_bridge/msg/msgIotRosActionGoal.l
Symlinking /home/tidu/catkin_ws/devel/share/roseus/ros/pkg_iot_ros_bridge/msg/msgIotRosFeedback.l
Symlinking /home/tidu/catkin_ws/devel/share/roseus/ros/pkg_iot_ros_bridge/msg/msgIotRosActionResult.l
Symlinking /home/tidu/catkin_ws/devel/share/roseus/ros/pkg_iot_ros_bridge/msg/msgIotRosResult.l
Symlinking /home/tidu/catkin_ws/devel/share/roseus/ros/pkg_iot_ros_bridge/msg/msgIotRosGoal.l
Symlinking /home/tidu/catkin_ws/devel/share/roseus/ros/pkg_iot_ros_bridge/msg/msgIotRosAction.l
Symlinking /home/tidu/catkin_ws/devel/share/roseus/ros/pkg_iot_ros_bridge/msg/msgMqttSub.l
Symlinking /home/tidu/catkin_ws/devel/share/roseus/ros/pkg_iot_ros_bridge/msg/msgIotRosActionFeedback.l
Symlinking /home/tidu/catkin_ws/devel/lib/python2.7/dist-packages/pkg_iot_ros_bridge/__init__.py
Symlinking /home/tidu/catkin_ws/devel/lib/python2.7/dist-packages/pkg_iot_ros_bridge/msg/_msgIotRosActionFeedback.py
Symlinking /home/tidu/catkin_ws/devel/lib/python2.7/dist-packages/pkg_iot_ros_bridge/msg/_msgIotRosAction.py
Symlinking /home/tidu/catkin_ws/devel/lib/python2.7/dist-packages/pkg_iot_ros_bridge/msg/__init__.py
Symlinking /home/tidu/catkin_ws/devel/lib/python2.7/dist-packages/pkg_iot_ros_bridge/msg/_msgIotRosActionGoal.py
Symlinking /home/tidu/catkin_ws/devel/lib/python2.7/dist-packages/pkg_iot_ros_bridge/msg/_msgIotRosActionResult.py
Symlinking /home/tidu/catkin_ws/devel/lib/python2.7/dist-packages/pkg_iot_ros_bridge/msg/_msgIotRosResult.py
Symlinking /home/tidu/catkin_ws/devel/lib/python2.7/dist-packages/pkg_iot_ros_bridge/msg/_msgIotRosGoal.py
Symlinking /home/tidu/catkin_ws/devel/lib/python2.7/dist-packages/pkg_iot_ros_bridge/msg/_msgMqttSub.py
Symlinking /home/tidu/catkin_ws/devel/lib/python2.7/dist-packages/pkg_iot_ros_bridge/msg/_msgIotRosFeedback.py
Symlinking /home/tidu/catkin_ws/devel/lib/pkgconfig/pkg_iot_ros_bridge.pc
Symlinking /home/tidu/catkin_ws/devel/include/pkg_iot_ros_bridge/msgIotRosResult.h
Symlinking /home/tidu/catkin_ws/devel/include/pkg_iot_ros_bridge/msgIotRosActionResult.h
Symlinking /home/tidu/catkin_ws/devel/include/pkg_iot_ros_bridge/msgIotRosAction.h
Symlinking /home/tidu/catkin_ws/devel/include/pkg_iot_ros_bridge/msgIotRosActionGoal.h
Symlinking /home/tidu/catkin_ws/devel/include/pkg_iot_ros_bridge/msgIotRosGoal.h
Symlinking /home/tidu/catkin_ws/devel/include/pkg_iot_ros_bridge/msgIotRosFeedback.h
Symlinking /home/tidu/catkin_ws/devel/include/pkg_iot_ros_bridge/msgMqttSub.h
Symlinking /home/tidu/catkin_ws/devel/include/pkg_iot_ros_bridge/msgIotRosActionFeedback.h
Cleaning: (/home/tidu/catkin_ws/devel/.private/pkg_iot_ros_bridge/share/pkg_ros_actions/cmake/pkg_ros_actions-msg-paths.cmake, /home/tidu/catkin_ws/devel/share/pkg_ros_actions/cmake/pkg_ros_actions-msg-paths.cmake)
Cleaning: (/home/tidu/catkin_ws/devel/.private/pkg_iot_ros_bridge/share/pkg_ros_actions/msg/msgIotRosGoal.msg, /home/tidu/catkin_ws/devel/share/pkg_ros_actions/msg/msgIotRosGoal.msg)
Cleaning: (/home/tidu/catkin_ws/devel/.private/pkg_iot_ros_bridge/share/pkg_ros_actions/msg/msgIotRosResult.msg, /home/tidu/catkin_ws/devel/share/pkg_ros_actions/msg/msgIotRosResult.msg)
Cleaning: (/home/tidu/catkin_ws/devel/.private/pkg_iot_ros_bridge/share/pkg_ros_actions/msg/msgIotRosFeedback.msg, /home/tidu/catkin_ws/devel/share/pkg_ros_actions/msg/msgIotRosFeedback.msg)
Cleaning: (/home/tidu/catkin_ws/devel/.private/pkg_iot_ros_bridge/share/pkg_ros_actions/msg/msgIotRosActionFeedback.msg, /home/tidu/catkin_ws/devel/share/pkg_ros_actions/msg/msgIotRosActionFeedback.msg)
Cleaning: (/home/tidu/catkin_ws/devel/.private/pkg_iot_ros_bridge/share/pkg_ros_actions/msg/msgIotRosAction.msg, /home/tidu/catkin_ws/devel/share/pkg_ros_actions/msg/msgIotRosAction.msg)
Cleaning: (/home/tidu/catkin_ws/devel/.private/pkg_iot_ros_bridge/share/pkg_ros_actions/msg/msgIotRosActionGoal.msg, /home/tidu/catkin_ws/devel/share/pkg_ros_actions/msg/msgIotRosActionGoal.msg)
Cleaning: (/home/tidu/catkin_ws/devel/.private/pkg_iot_ros_bridge/share/pkg_ros_actions/msg/msgIotRosActionResult.msg, /home/tidu/catkin_ws/devel/share/pkg_ros_actions/msg/msgIotRosActionResult.msg)
Cleaning: (/home/tidu/catkin_ws/devel/.private/pkg_iot_ros_bridge/lib/python2.7/dist-packages/pkg_ros_actions/__init__.py, /home/tidu/catkin_ws/devel/lib/python2.7/dist-packages/pkg_ros_actions/__init__.py)
Unlinking: /home/tidu/catkin_ws/devel/share/pkg_ros_actions/msg/msgIotRosGoal.msg
Already unlinked: {}
Unlinking: /home/tidu/catkin_ws/devel/share/pkg_ros_actions/msg/msgIotRosResult.msg
Already unlinked: {}
Unlinking: /home/tidu/catkin_ws/devel/share/pkg_ros_actions/msg/msgIotRosFeedback.msg
Already unlinked: {}
Unlinking: /home/tidu/catkin_ws/devel/share/pkg_ros_actions/msg/msgIotRosActionFeedback.msg
Already unlinked: {}
Unlinking: /home/tidu/catkin_ws/devel/share/pkg_ros_actions/msg/msgIotRosAction.msg
Already unlinked: {}
Unlinking: /home/tidu/catkin_ws/devel/share/pkg_ros_actions/msg/msgIotRosActionGoal.msg
Already unlinked: {}
Unlinking: /home/tidu/catkin_ws/devel/share/pkg_ros_actions/msg/msgIotRosActionResult.msg
Already unlinked: {}
