Determining if the pthread_create exist failed with the following output:
Change Dir: /home/tidu/catkin_ws/build/ur5_e_moveit_config/CMakeFiles/CMakeTmp

Run Build Command:"/usr/bin/make" "cmTC_985ed/fast"
/usr/bin/make -f CMakeFiles/cmTC_985ed.dir/build.make CMakeFiles/cmTC_985ed.dir/build
make[1]: Entering directory '/home/tidu/catkin_ws/build/ur5_e_moveit_config/CMakeFiles/CMakeTmp'
Building C object CMakeFiles/cmTC_985ed.dir/CheckSymbolExists.c.o
/usr/bin/cc    -o CMakeFiles/cmTC_985ed.dir/CheckSymbolExists.c.o   -c /home/tidu/catkin_ws/build/ur5_e_moveit_config/CMakeFiles/CMakeTmp/CheckSymbolExists.c
Linking C executable cmTC_985ed
/usr/bin/cmake -E cmake_link_script CMakeFiles/cmTC_985ed.dir/link.txt --verbose=1
/usr/bin/cc      -rdynamic CMakeFiles/cmTC_985ed.dir/CheckSymbolExists.c.o  -o cmTC_985ed 
CMakeFiles/cmTC_985ed.dir/CheckSymbolExists.c.o: In function `main':
CheckSymbolExists.c:(.text+0x1b): undefined reference to `pthread_create'
collect2: error: ld returned 1 exit status
CMakeFiles/cmTC_985ed.dir/build.make:97: recipe for target 'cmTC_985ed' failed
make[1]: *** [cmTC_985ed] Error 1
make[1]: Leaving directory '/home/tidu/catkin_ws/build/ur5_e_moveit_config/CMakeFiles/CMakeTmp'
Makefile:126: recipe for target 'cmTC_985ed/fast' failed
make: *** [cmTC_985ed/fast] Error 2

File /home/tidu/catkin_ws/build/ur5_e_moveit_config/CMakeFiles/CMakeTmp/CheckSymbolExists.c:
/* */
#include <pthread.h>

int main(int argc, char** argv)
{
  (void)argv;
#ifndef pthread_create
  return ((int*)(&pthread_create))[argc];
#else
  (void)argc;
  return 0;
#endif
}

Determining if the function pthread_create exists in the pthreads failed with the following output:
Change Dir: /home/tidu/catkin_ws/build/ur5_e_moveit_config/CMakeFiles/CMakeTmp

Run Build Command:"/usr/bin/make" "cmTC_5c28e/fast"
/usr/bin/make -f CMakeFiles/cmTC_5c28e.dir/build.make CMakeFiles/cmTC_5c28e.dir/build
make[1]: Entering directory '/home/tidu/catkin_ws/build/ur5_e_moveit_config/CMakeFiles/CMakeTmp'
Building C object CMakeFiles/cmTC_5c28e.dir/CheckFunctionExists.c.o
/usr/bin/cc   -DCHECK_FUNCTION_EXISTS=pthread_create   -o CMakeFiles/cmTC_5c28e.dir/CheckFunctionExists.c.o   -c /usr/share/cmake-3.10/Modules/CheckFunctionExists.c
Linking C executable cmTC_5c28e
/usr/bin/cmake -E cmake_link_script CMakeFiles/cmTC_5c28e.dir/link.txt --verbose=1
/usr/bin/cc  -DCHECK_FUNCTION_EXISTS=pthread_create    -rdynamic CMakeFiles/cmTC_5c28e.dir/CheckFunctionExists.c.o  -o cmTC_5c28e -lpthreads 
/usr/bin/ld: cannot find -lpthreads
collect2: error: ld returned 1 exit status
CMakeFiles/cmTC_5c28e.dir/build.make:97: recipe for target 'cmTC_5c28e' failed
make[1]: *** [cmTC_5c28e] Error 1
make[1]: Leaving directory '/home/tidu/catkin_ws/build/ur5_e_moveit_config/CMakeFiles/CMakeTmp'
Makefile:126: recipe for target 'cmTC_5c28e/fast' failed
make: *** [cmTC_5c28e/fast] Error 2


