Determining if the pthread_create exist failed with the following output:
Change Dir: /home/tidu/catkin_ws/build/pkg_ros_iot_bridge/CMakeFiles/CMakeTmp

Run Build Command:"/usr/bin/make" "cmTC_d1362/fast"
/usr/bin/make -f CMakeFiles/cmTC_d1362.dir/build.make CMakeFiles/cmTC_d1362.dir/build
make[1]: Entering directory '/home/tidu/catkin_ws/build/pkg_ros_iot_bridge/CMakeFiles/CMakeTmp'
Building C object CMakeFiles/cmTC_d1362.dir/CheckSymbolExists.c.o
/usr/bin/cc    -o CMakeFiles/cmTC_d1362.dir/CheckSymbolExists.c.o   -c /home/tidu/catkin_ws/build/pkg_ros_iot_bridge/CMakeFiles/CMakeTmp/CheckSymbolExists.c
Linking C executable cmTC_d1362
/usr/bin/cmake -E cmake_link_script CMakeFiles/cmTC_d1362.dir/link.txt --verbose=1
/usr/bin/cc      -rdynamic CMakeFiles/cmTC_d1362.dir/CheckSymbolExists.c.o  -o cmTC_d1362 
CMakeFiles/cmTC_d1362.dir/CheckSymbolExists.c.o: In function `main':
CheckSymbolExists.c:(.text+0x1b): undefined reference to `pthread_create'
collect2: error: ld returned 1 exit status
CMakeFiles/cmTC_d1362.dir/build.make:97: recipe for target 'cmTC_d1362' failed
make[1]: *** [cmTC_d1362] Error 1
make[1]: Leaving directory '/home/tidu/catkin_ws/build/pkg_ros_iot_bridge/CMakeFiles/CMakeTmp'
Makefile:126: recipe for target 'cmTC_d1362/fast' failed
make: *** [cmTC_d1362/fast] Error 2

File /home/tidu/catkin_ws/build/pkg_ros_iot_bridge/CMakeFiles/CMakeTmp/CheckSymbolExists.c:
/* */
#include <pthread.h>

int main(int argc, char** argv)
{
  (void)argv;
#ifndef pthread_create
  return ((int*)(&pthread_create))[argc];
#else
  (void)argc;
  return 0;
#endif
}

Determining if the function pthread_create exists in the pthreads failed with the following output:
Change Dir: /home/tidu/catkin_ws/build/pkg_ros_iot_bridge/CMakeFiles/CMakeTmp

Run Build Command:"/usr/bin/make" "cmTC_ff8bd/fast"
/usr/bin/make -f CMakeFiles/cmTC_ff8bd.dir/build.make CMakeFiles/cmTC_ff8bd.dir/build
make[1]: Entering directory '/home/tidu/catkin_ws/build/pkg_ros_iot_bridge/CMakeFiles/CMakeTmp'
Building C object CMakeFiles/cmTC_ff8bd.dir/CheckFunctionExists.c.o
/usr/bin/cc   -DCHECK_FUNCTION_EXISTS=pthread_create   -o CMakeFiles/cmTC_ff8bd.dir/CheckFunctionExists.c.o   -c /usr/share/cmake-3.10/Modules/CheckFunctionExists.c
Linking C executable cmTC_ff8bd
/usr/bin/cmake -E cmake_link_script CMakeFiles/cmTC_ff8bd.dir/link.txt --verbose=1
/usr/bin/cc  -DCHECK_FUNCTION_EXISTS=pthread_create    -rdynamic CMakeFiles/cmTC_ff8bd.dir/CheckFunctionExists.c.o  -o cmTC_ff8bd -lpthreads 
/usr/bin/ld: cannot find -lpthreads
collect2: error: ld returned 1 exit status
CMakeFiles/cmTC_ff8bd.dir/build.make:97: recipe for target 'cmTC_ff8bd' failed
make[1]: *** [cmTC_ff8bd] Error 1
make[1]: Leaving directory '/home/tidu/catkin_ws/build/pkg_ros_iot_bridge/CMakeFiles/CMakeTmp'
Makefile:126: recipe for target 'cmTC_ff8bd/fast' failed
make: *** [cmTC_ff8bd/fast] Error 2


