Symlinking /home/tidu/catkin_ws/devel/share/common-lisp/ros/pkg_ros_basics/srv/_package_AddTwoInts.lisp
Symlinking /home/tidu/catkin_ws/devel/share/common-lisp/ros/pkg_ros_basics/srv/pkg_ros_basics-srv.asd
Symlinking /home/tidu/catkin_ws/devel/share/common-lisp/ros/pkg_ros_basics/srv/AddTwoInts.lisp
Symlinking /home/tidu/catkin_ws/devel/share/common-lisp/ros/pkg_ros_basics/srv/_package.lisp
Symlinking /home/tidu/catkin_ws/devel/share/common-lisp/ros/pkg_ros_basics/msg/_package_myMessage.lisp
Symlinking /home/tidu/catkin_ws/devel/share/common-lisp/ros/pkg_ros_basics/msg/pkg_ros_basics-msg.asd
Symlinking /home/tidu/catkin_ws/devel/share/common-lisp/ros/pkg_ros_basics/msg/_package.lisp
Symlinking /home/tidu/catkin_ws/devel/share/common-lisp/ros/pkg_ros_basics/msg/myMessage.lisp
Symlinking /home/tidu/catkin_ws/devel/share/gennodejs/ros/pkg_ros_basics/_index.js
Symlinking /home/tidu/catkin_ws/devel/share/gennodejs/ros/pkg_ros_basics/srv/_index.js
Symlinking /home/tidu/catkin_ws/devel/share/gennodejs/ros/pkg_ros_basics/srv/AddTwoInts.js
Symlinking /home/tidu/catkin_ws/devel/share/gennodejs/ros/pkg_ros_basics/msg/_index.js
Symlinking /home/tidu/catkin_ws/devel/share/gennodejs/ros/pkg_ros_basics/msg/myMessage.js
Symlinking /home/tidu/catkin_ws/devel/share/roseus/ros/pkg_ros_basics/manifest.l
Symlinking /home/tidu/catkin_ws/devel/share/roseus/ros/pkg_ros_basics/srv/AddTwoInts.l
Symlinking /home/tidu/catkin_ws/devel/share/roseus/ros/pkg_ros_basics/msg/myMessage.l
Symlinking /home/tidu/catkin_ws/devel/share/pkg_ros_basics/cmake/pkg_ros_basics-msg-paths.cmake
Symlinking /home/tidu/catkin_ws/devel/share/pkg_ros_basics/cmake/pkg_ros_basicsConfig-version.cmake
Symlinking /home/tidu/catkin_ws/devel/share/pkg_ros_basics/cmake/pkg_ros_basicsConfig.cmake
Symlinking /home/tidu/catkin_ws/devel/share/pkg_ros_basics/cmake/pkg_ros_basics-msg-extras.cmake
Symlinking /home/tidu/catkin_ws/devel/lib/python2.7/dist-packages/pkg_ros_basics/__init__.py
Symlinking /home/tidu/catkin_ws/devel/lib/python2.7/dist-packages/pkg_ros_basics/srv/__init__.py
Symlinking /home/tidu/catkin_ws/devel/lib/python2.7/dist-packages/pkg_ros_basics/srv/_AddTwoInts.py
Symlinking /home/tidu/catkin_ws/devel/lib/python2.7/dist-packages/pkg_ros_basics/msg/__init__.py
Symlinking /home/tidu/catkin_ws/devel/lib/python2.7/dist-packages/pkg_ros_basics/msg/_myMessage.py
Symlinking /home/tidu/catkin_ws/devel/lib/pkgconfig/pkg_ros_basics.pc
Symlinking /home/tidu/catkin_ws/devel/include/pkg_ros_basics/myMessage.h
Symlinking /home/tidu/catkin_ws/devel/include/pkg_ros_basics/AddTwoIntsRequest.h
Symlinking /home/tidu/catkin_ws/devel/include/pkg_ros_basics/AddTwoInts.h
Symlinking /home/tidu/catkin_ws/devel/include/pkg_ros_basics/AddTwoIntsResponse.h
