Determining if the pthread_create exist failed with the following output:
Change Dir: /home/tidu/catkin_ws/build/ur3_moveit_config/CMakeFiles/CMakeTmp

Run Build Command:"/usr/bin/make" "cmTC_513db/fast"
/usr/bin/make -f CMakeFiles/cmTC_513db.dir/build.make CMakeFiles/cmTC_513db.dir/build
make[1]: Entering directory '/home/tidu/catkin_ws/build/ur3_moveit_config/CMakeFiles/CMakeTmp'
Building C object CMakeFiles/cmTC_513db.dir/CheckSymbolExists.c.o
/usr/bin/cc    -o CMakeFiles/cmTC_513db.dir/CheckSymbolExists.c.o   -c /home/tidu/catkin_ws/build/ur3_moveit_config/CMakeFiles/CMakeTmp/CheckSymbolExists.c
Linking C executable cmTC_513db
/usr/bin/cmake -E cmake_link_script CMakeFiles/cmTC_513db.dir/link.txt --verbose=1
/usr/bin/cc      -rdynamic CMakeFiles/cmTC_513db.dir/CheckSymbolExists.c.o  -o cmTC_513db 
CMakeFiles/cmTC_513db.dir/CheckSymbolExists.c.o: In function `main':
CheckSymbolExists.c:(.text+0x1b): undefined reference to `pthread_create'
collect2: error: ld returned 1 exit status
CMakeFiles/cmTC_513db.dir/build.make:97: recipe for target 'cmTC_513db' failed
make[1]: *** [cmTC_513db] Error 1
make[1]: Leaving directory '/home/tidu/catkin_ws/build/ur3_moveit_config/CMakeFiles/CMakeTmp'
Makefile:126: recipe for target 'cmTC_513db/fast' failed
make: *** [cmTC_513db/fast] Error 2

File /home/tidu/catkin_ws/build/ur3_moveit_config/CMakeFiles/CMakeTmp/CheckSymbolExists.c:
/* */
#include <pthread.h>

int main(int argc, char** argv)
{
  (void)argv;
#ifndef pthread_create
  return ((int*)(&pthread_create))[argc];
#else
  (void)argc;
  return 0;
#endif
}

Determining if the function pthread_create exists in the pthreads failed with the following output:
Change Dir: /home/tidu/catkin_ws/build/ur3_moveit_config/CMakeFiles/CMakeTmp

Run Build Command:"/usr/bin/make" "cmTC_5d13f/fast"
/usr/bin/make -f CMakeFiles/cmTC_5d13f.dir/build.make CMakeFiles/cmTC_5d13f.dir/build
make[1]: Entering directory '/home/tidu/catkin_ws/build/ur3_moveit_config/CMakeFiles/CMakeTmp'
Building C object CMakeFiles/cmTC_5d13f.dir/CheckFunctionExists.c.o
/usr/bin/cc   -DCHECK_FUNCTION_EXISTS=pthread_create   -o CMakeFiles/cmTC_5d13f.dir/CheckFunctionExists.c.o   -c /usr/share/cmake-3.10/Modules/CheckFunctionExists.c
Linking C executable cmTC_5d13f
/usr/bin/cmake -E cmake_link_script CMakeFiles/cmTC_5d13f.dir/link.txt --verbose=1
/usr/bin/cc  -DCHECK_FUNCTION_EXISTS=pthread_create    -rdynamic CMakeFiles/cmTC_5d13f.dir/CheckFunctionExists.c.o  -o cmTC_5d13f -lpthreads 
/usr/bin/ld: cannot find -lpthreads
collect2: error: ld returned 1 exit status
CMakeFiles/cmTC_5d13f.dir/build.make:97: recipe for target 'cmTC_5d13f' failed
make[1]: *** [cmTC_5d13f] Error 1
make[1]: Leaving directory '/home/tidu/catkin_ws/build/ur3_moveit_config/CMakeFiles/CMakeTmp'
Makefile:126: recipe for target 'cmTC_5d13f/fast' failed
make: *** [cmTC_5d13f/fast] Error 2


