Determining if the pthread_create exist failed with the following output:
Change Dir: /home/tidu/catkin_ws/build/gazebo_msgs/CMakeFiles/CMakeTmp

Run Build Command:"/usr/bin/make" "cmTC_3a8cb/fast"
/usr/bin/make -f CMakeFiles/cmTC_3a8cb.dir/build.make CMakeFiles/cmTC_3a8cb.dir/build
make[1]: Entering directory '/home/tidu/catkin_ws/build/gazebo_msgs/CMakeFiles/CMakeTmp'
Building C object CMakeFiles/cmTC_3a8cb.dir/CheckSymbolExists.c.o
/usr/bin/cc    -o CMakeFiles/cmTC_3a8cb.dir/CheckSymbolExists.c.o   -c /home/tidu/catkin_ws/build/gazebo_msgs/CMakeFiles/CMakeTmp/CheckSymbolExists.c
Linking C executable cmTC_3a8cb
/usr/bin/cmake -E cmake_link_script CMakeFiles/cmTC_3a8cb.dir/link.txt --verbose=1
/usr/bin/cc      -rdynamic CMakeFiles/cmTC_3a8cb.dir/CheckSymbolExists.c.o  -o cmTC_3a8cb 
CMakeFiles/cmTC_3a8cb.dir/CheckSymbolExists.c.o: In function `main':
CheckSymbolExists.c:(.text+0x1b): undefined reference to `pthread_create'
collect2: error: ld returned 1 exit status
CMakeFiles/cmTC_3a8cb.dir/build.make:97: recipe for target 'cmTC_3a8cb' failed
make[1]: *** [cmTC_3a8cb] Error 1
make[1]: Leaving directory '/home/tidu/catkin_ws/build/gazebo_msgs/CMakeFiles/CMakeTmp'
Makefile:126: recipe for target 'cmTC_3a8cb/fast' failed
make: *** [cmTC_3a8cb/fast] Error 2

File /home/tidu/catkin_ws/build/gazebo_msgs/CMakeFiles/CMakeTmp/CheckSymbolExists.c:
/* */
#include <pthread.h>

int main(int argc, char** argv)
{
  (void)argv;
#ifndef pthread_create
  return ((int*)(&pthread_create))[argc];
#else
  (void)argc;
  return 0;
#endif
}

Determining if the function pthread_create exists in the pthreads failed with the following output:
Change Dir: /home/tidu/catkin_ws/build/gazebo_msgs/CMakeFiles/CMakeTmp

Run Build Command:"/usr/bin/make" "cmTC_f56d4/fast"
/usr/bin/make -f CMakeFiles/cmTC_f56d4.dir/build.make CMakeFiles/cmTC_f56d4.dir/build
make[1]: Entering directory '/home/tidu/catkin_ws/build/gazebo_msgs/CMakeFiles/CMakeTmp'
Building C object CMakeFiles/cmTC_f56d4.dir/CheckFunctionExists.c.o
/usr/bin/cc   -DCHECK_FUNCTION_EXISTS=pthread_create   -o CMakeFiles/cmTC_f56d4.dir/CheckFunctionExists.c.o   -c /usr/share/cmake-3.10/Modules/CheckFunctionExists.c
Linking C executable cmTC_f56d4
/usr/bin/cmake -E cmake_link_script CMakeFiles/cmTC_f56d4.dir/link.txt --verbose=1
/usr/bin/cc  -DCHECK_FUNCTION_EXISTS=pthread_create    -rdynamic CMakeFiles/cmTC_f56d4.dir/CheckFunctionExists.c.o  -o cmTC_f56d4 -lpthreads 
/usr/bin/ld: cannot find -lpthreads
collect2: error: ld returned 1 exit status
CMakeFiles/cmTC_f56d4.dir/build.make:97: recipe for target 'cmTC_f56d4' failed
make[1]: *** [cmTC_f56d4] Error 1
make[1]: Leaving directory '/home/tidu/catkin_ws/build/gazebo_msgs/CMakeFiles/CMakeTmp'
Makefile:126: recipe for target 'cmTC_f56d4/fast' failed
make: *** [cmTC_f56d4/fast] Error 2


