Determining if the pthread_create exist failed with the following output:
Change Dir: /home/tidu/catkin_ws/build/ur10_moveit_config/CMakeFiles/CMakeTmp

Run Build Command:"/usr/bin/make" "cmTC_75fcd/fast"
/usr/bin/make -f CMakeFiles/cmTC_75fcd.dir/build.make CMakeFiles/cmTC_75fcd.dir/build
make[1]: Entering directory '/home/tidu/catkin_ws/build/ur10_moveit_config/CMakeFiles/CMakeTmp'
Building C object CMakeFiles/cmTC_75fcd.dir/CheckSymbolExists.c.o
/usr/bin/cc    -o CMakeFiles/cmTC_75fcd.dir/CheckSymbolExists.c.o   -c /home/tidu/catkin_ws/build/ur10_moveit_config/CMakeFiles/CMakeTmp/CheckSymbolExists.c
Linking C executable cmTC_75fcd
/usr/bin/cmake -E cmake_link_script CMakeFiles/cmTC_75fcd.dir/link.txt --verbose=1
/usr/bin/cc      -rdynamic CMakeFiles/cmTC_75fcd.dir/CheckSymbolExists.c.o  -o cmTC_75fcd 
CMakeFiles/cmTC_75fcd.dir/CheckSymbolExists.c.o: In function `main':
CheckSymbolExists.c:(.text+0x1b): undefined reference to `pthread_create'
collect2: error: ld returned 1 exit status
CMakeFiles/cmTC_75fcd.dir/build.make:97: recipe for target 'cmTC_75fcd' failed
make[1]: *** [cmTC_75fcd] Error 1
make[1]: Leaving directory '/home/tidu/catkin_ws/build/ur10_moveit_config/CMakeFiles/CMakeTmp'
Makefile:126: recipe for target 'cmTC_75fcd/fast' failed
make: *** [cmTC_75fcd/fast] Error 2

File /home/tidu/catkin_ws/build/ur10_moveit_config/CMakeFiles/CMakeTmp/CheckSymbolExists.c:
/* */
#include <pthread.h>

int main(int argc, char** argv)
{
  (void)argv;
#ifndef pthread_create
  return ((int*)(&pthread_create))[argc];
#else
  (void)argc;
  return 0;
#endif
}

Determining if the function pthread_create exists in the pthreads failed with the following output:
Change Dir: /home/tidu/catkin_ws/build/ur10_moveit_config/CMakeFiles/CMakeTmp

Run Build Command:"/usr/bin/make" "cmTC_ce215/fast"
/usr/bin/make -f CMakeFiles/cmTC_ce215.dir/build.make CMakeFiles/cmTC_ce215.dir/build
make[1]: Entering directory '/home/tidu/catkin_ws/build/ur10_moveit_config/CMakeFiles/CMakeTmp'
Building C object CMakeFiles/cmTC_ce215.dir/CheckFunctionExists.c.o
/usr/bin/cc   -DCHECK_FUNCTION_EXISTS=pthread_create   -o CMakeFiles/cmTC_ce215.dir/CheckFunctionExists.c.o   -c /usr/share/cmake-3.10/Modules/CheckFunctionExists.c
Linking C executable cmTC_ce215
/usr/bin/cmake -E cmake_link_script CMakeFiles/cmTC_ce215.dir/link.txt --verbose=1
/usr/bin/cc  -DCHECK_FUNCTION_EXISTS=pthread_create    -rdynamic CMakeFiles/cmTC_ce215.dir/CheckFunctionExists.c.o  -o cmTC_ce215 -lpthreads 
/usr/bin/ld: cannot find -lpthreads
collect2: error: ld returned 1 exit status
CMakeFiles/cmTC_ce215.dir/build.make:97: recipe for target 'cmTC_ce215' failed
make[1]: *** [cmTC_ce215] Error 1
make[1]: Leaving directory '/home/tidu/catkin_ws/build/ur10_moveit_config/CMakeFiles/CMakeTmp'
Makefile:126: recipe for target 'cmTC_ce215/fast' failed
make: *** [cmTC_ce215/fast] Error 2


