Linked: (/home/tidu/catkin_ws/devel/.private/pkg_task2/share/pkg_task2/cmake/pkg_task2-msg-paths.cmake, /home/tidu/catkin_ws/devel/share/pkg_task2/cmake/pkg_task2-msg-paths.cmake)
Linked: (/home/tidu/catkin_ws/devel/.private/pkg_task2/share/pkg_task2/cmake/pkg_task2Config.cmake, /home/tidu/catkin_ws/devel/share/pkg_task2/cmake/pkg_task2Config.cmake)
Linked: (/home/tidu/catkin_ws/devel/.private/pkg_task2/share/pkg_task2/cmake/pkg_task2-msg-extras.cmake, /home/tidu/catkin_ws/devel/share/pkg_task2/cmake/pkg_task2-msg-extras.cmake)
Linked: (/home/tidu/catkin_ws/devel/.private/pkg_task2/share/pkg_task2/cmake/pkg_task2Config-version.cmake, /home/tidu/catkin_ws/devel/share/pkg_task2/cmake/pkg_task2Config-version.cmake)
Linked: (/home/tidu/catkin_ws/devel/.private/pkg_task2/share/common-lisp/ros/pkg_task2/srv/vacuumGripper.lisp, /home/tidu/catkin_ws/devel/share/common-lisp/ros/pkg_task2/srv/vacuumGripper.lisp)
Linked: (/home/tidu/catkin_ws/devel/.private/pkg_task2/share/common-lisp/ros/pkg_task2/srv/pkg_task2-srv.asd, /home/tidu/catkin_ws/devel/share/common-lisp/ros/pkg_task2/srv/pkg_task2-srv.asd)
Linked: (/home/tidu/catkin_ws/devel/.private/pkg_task2/share/common-lisp/ros/pkg_task2/srv/_package_vacuumGripper.lisp, /home/tidu/catkin_ws/devel/share/common-lisp/ros/pkg_task2/srv/_package_vacuumGripper.lisp)
Linked: (/home/tidu/catkin_ws/devel/.private/pkg_task2/share/common-lisp/ros/pkg_task2/srv/_package.lisp, /home/tidu/catkin_ws/devel/share/common-lisp/ros/pkg_task2/srv/_package.lisp)
Linked: (/home/tidu/catkin_ws/devel/.private/pkg_task2/share/gennodejs/ros/pkg_task2/_index.js, /home/tidu/catkin_ws/devel/share/gennodejs/ros/pkg_task2/_index.js)
Linked: (/home/tidu/catkin_ws/devel/.private/pkg_task2/share/gennodejs/ros/pkg_task2/srv/vacuumGripper.js, /home/tidu/catkin_ws/devel/share/gennodejs/ros/pkg_task2/srv/vacuumGripper.js)
Linked: (/home/tidu/catkin_ws/devel/.private/pkg_task2/share/gennodejs/ros/pkg_task2/srv/_index.js, /home/tidu/catkin_ws/devel/share/gennodejs/ros/pkg_task2/srv/_index.js)
Linked: (/home/tidu/catkin_ws/devel/.private/pkg_task2/share/roseus/ros/pkg_task2/manifest.l, /home/tidu/catkin_ws/devel/share/roseus/ros/pkg_task2/manifest.l)
Linked: (/home/tidu/catkin_ws/devel/.private/pkg_task2/share/roseus/ros/pkg_task2/srv/vacuumGripper.l, /home/tidu/catkin_ws/devel/share/roseus/ros/pkg_task2/srv/vacuumGripper.l)
Linked: (/home/tidu/catkin_ws/devel/.private/pkg_task2/lib/python2.7/dist-packages/pkg_task2/__init__.py, /home/tidu/catkin_ws/devel/lib/python2.7/dist-packages/pkg_task2/__init__.py)
Linked: (/home/tidu/catkin_ws/devel/.private/pkg_task2/lib/python2.7/dist-packages/pkg_task2/srv/__init__.py, /home/tidu/catkin_ws/devel/lib/python2.7/dist-packages/pkg_task2/srv/__init__.py)
Linked: (/home/tidu/catkin_ws/devel/.private/pkg_task2/lib/python2.7/dist-packages/pkg_task2/srv/_vacuumGripper.py, /home/tidu/catkin_ws/devel/lib/python2.7/dist-packages/pkg_task2/srv/_vacuumGripper.py)
Linked: (/home/tidu/catkin_ws/devel/.private/pkg_task2/lib/pkgconfig/pkg_task2.pc, /home/tidu/catkin_ws/devel/lib/pkgconfig/pkg_task2.pc)
Linked: (/home/tidu/catkin_ws/devel/.private/pkg_task2/include/pkg_task2/vacuumGripper.h, /home/tidu/catkin_ws/devel/include/pkg_task2/vacuumGripper.h)
Linked: (/home/tidu/catkin_ws/devel/.private/pkg_task2/include/pkg_task2/vacuumGripperRequest.h, /home/tidu/catkin_ws/devel/include/pkg_task2/vacuumGripperRequest.h)
Linked: (/home/tidu/catkin_ws/devel/.private/pkg_task2/include/pkg_task2/vacuumGripperResponse.h, /home/tidu/catkin_ws/devel/include/pkg_task2/vacuumGripperResponse.h)
