[36m--[0m Using CATKIN_DEVEL_PREFIX: /home/tidu/catkin_ws/devel/.private/pkg_task2
[36m--[0m Using CMAKE_PREFIX_PATH: /home/tidu/catkin_ws/devel;/opt/ros/melodic
[36m--[0m This workspace overlays: /home/tidu/catkin_ws/devel;/opt/ros/melodic
[36m--[0m Found PythonInterp: /usr/bin/python2 (found suitable version "2.7.17", minimum required is "2")
[36m--[0m Using PYTHON_EXECUTABLE: /usr/bin/python2
[36m--[0m Using Debian Python package layout
[36m--[0m Using empy: /usr/bin/empy
[36m--[0m Using CATKIN_ENABLE_TESTING: ON
[36m--[0m Call enable_testing()
[36m--[0m Using CATKIN_TEST_RESULTS_DIR: /home/tidu/catkin_ws/build/pkg_task2/test_results
[36m--[0m Found gtest sources under '/usr/src/googletest': gtests will be built
[36m--[0m Found gmock sources under '/usr/src/googletest': gmock will be built
[36m--[0m Found PythonInterp: /usr/bin/python2 (found version "2.7.17")
[36m--[0m Using Python nosetests: /usr/bin/nosetests-2.7
[36m--[0m catkin 0.7.28
[36m--[0m BUILD_SHARED_LIBS is on
[31m[1mCMake Error[0m at /home/tidu/catkin_ws/src/pkg_task2/CMakeLists.txt:58 (add_service_files):
  Unknown CMake command "add_service_files".


[36m--[0m Configuring incomplete, errors occurred!
See also "/home/tidu/catkin_ws/build/pkg_task2/CMakeFiles/CMakeOutput.log".
See also "/home/tidu/catkin_ws/build/pkg_task2/CMakeFiles/CMakeError.log".
Makefile:600: recipe for target 'cmake_check_build_system' failed
make: *** [cmake_check_build_system] Error 1
