Determining if the pthread_create exist failed with the following output:
Change Dir: /home/tidu/catkin_ws/build/pkg_ros_basics/CMakeFiles/CMakeTmp

Run Build Command:"/usr/bin/make" "cmTC_5a2da/fast"
/usr/bin/make -f CMakeFiles/cmTC_5a2da.dir/build.make CMakeFiles/cmTC_5a2da.dir/build
make[1]: Entering directory '/home/tidu/catkin_ws/build/pkg_ros_basics/CMakeFiles/CMakeTmp'
Building C object CMakeFiles/cmTC_5a2da.dir/CheckSymbolExists.c.o
/usr/bin/cc    -o CMakeFiles/cmTC_5a2da.dir/CheckSymbolExists.c.o   -c /home/tidu/catkin_ws/build/pkg_ros_basics/CMakeFiles/CMakeTmp/CheckSymbolExists.c
Linking C executable cmTC_5a2da
/usr/bin/cmake -E cmake_link_script CMakeFiles/cmTC_5a2da.dir/link.txt --verbose=1
/usr/bin/cc      -rdynamic CMakeFiles/cmTC_5a2da.dir/CheckSymbolExists.c.o  -o cmTC_5a2da 
CMakeFiles/cmTC_5a2da.dir/CheckSymbolExists.c.o: In function `main':
CheckSymbolExists.c:(.text+0x1b): undefined reference to `pthread_create'
collect2: error: ld returned 1 exit status
CMakeFiles/cmTC_5a2da.dir/build.make:97: recipe for target 'cmTC_5a2da' failed
make[1]: *** [cmTC_5a2da] Error 1
make[1]: Leaving directory '/home/tidu/catkin_ws/build/pkg_ros_basics/CMakeFiles/CMakeTmp'
Makefile:126: recipe for target 'cmTC_5a2da/fast' failed
make: *** [cmTC_5a2da/fast] Error 2

File /home/tidu/catkin_ws/build/pkg_ros_basics/CMakeFiles/CMakeTmp/CheckSymbolExists.c:
/* */
#include <pthread.h>

int main(int argc, char** argv)
{
  (void)argv;
#ifndef pthread_create
  return ((int*)(&pthread_create))[argc];
#else
  (void)argc;
  return 0;
#endif
}

Determining if the function pthread_create exists in the pthreads failed with the following output:
Change Dir: /home/tidu/catkin_ws/build/pkg_ros_basics/CMakeFiles/CMakeTmp

Run Build Command:"/usr/bin/make" "cmTC_b28e2/fast"
/usr/bin/make -f CMakeFiles/cmTC_b28e2.dir/build.make CMakeFiles/cmTC_b28e2.dir/build
make[1]: Entering directory '/home/tidu/catkin_ws/build/pkg_ros_basics/CMakeFiles/CMakeTmp'
Building C object CMakeFiles/cmTC_b28e2.dir/CheckFunctionExists.c.o
/usr/bin/cc   -DCHECK_FUNCTION_EXISTS=pthread_create   -o CMakeFiles/cmTC_b28e2.dir/CheckFunctionExists.c.o   -c /usr/share/cmake-3.10/Modules/CheckFunctionExists.c
Linking C executable cmTC_b28e2
/usr/bin/cmake -E cmake_link_script CMakeFiles/cmTC_b28e2.dir/link.txt --verbose=1
/usr/bin/cc  -DCHECK_FUNCTION_EXISTS=pthread_create    -rdynamic CMakeFiles/cmTC_b28e2.dir/CheckFunctionExists.c.o  -o cmTC_b28e2 -lpthreads 
/usr/bin/ld: cannot find -lpthreads
collect2: error: ld returned 1 exit status
CMakeFiles/cmTC_b28e2.dir/build.make:97: recipe for target 'cmTC_b28e2' failed
make[1]: *** [cmTC_b28e2] Error 1
make[1]: Leaving directory '/home/tidu/catkin_ws/build/pkg_ros_basics/CMakeFiles/CMakeTmp'
Makefile:126: recipe for target 'cmTC_b28e2/fast' failed
make: *** [cmTC_b28e2/fast] Error 2


